c:\users\nikhil\source\repos\sss_24335_completed_week2.2\sss\x64\debug\vc142.pdb
c:\users\nikhil\source\repos\sss_24335_completed_week2.2\sss\x64\debug\vc142.idb
c:\users\nikhil\source\repos\sss_24335_completed_week2.2\sss\x64\debug\statemachine.obj
c:\users\nikhil\source\repos\sss_24335_completed_week2.2\sss\x64\debug\spriteex.obj
c:\users\nikhil\source\repos\sss_24335_completed_week2.2\sss\x64\debug\screenstate.obj
c:\users\nikhil\source\repos\sss_24335_completed_week2.2\sss\x64\debug\player.obj
c:\users\nikhil\source\repos\sss_24335_completed_week2.2\sss\x64\debug\pausemenupopupstate.obj
c:\users\nikhil\source\repos\sss_24335_completed_week2.2\sss\x64\debug\mainmenustate.obj
c:\users\nikhil\source\repos\sss_24335_completed_week2.2\sss\x64\debug\main.obj
c:\users\nikhil\source\repos\sss_24335_completed_week2.2\sss\x64\debug\levelselectstate.obj
c:\users\nikhil\source\repos\sss_24335_completed_week2.2\sss\x64\debug\hadouken.obj
c:\users\nikhil\source\repos\sss_24335_completed_week2.2\sss\x64\debug\gamestate.obj
c:\users\nikhil\source\repos\sss_24335_completed_week2.2\sss\x64\debug\gamelevel3.obj
c:\users\nikhil\source\repos\sss_24335_completed_week2.2\sss\x64\debug\gamelevel2.obj
c:\users\nikhil\source\repos\sss_24335_completed_week2.2\sss\x64\debug\gamelevel1.obj
c:\users\nikhil\source\repos\sss_24335_completed_week2.2\sss\x64\debug\game.obj
c:\users\nikhil\source\repos\sss_24335_completed_week2.2\sss\x64\debug\enemy.obj
c:\users\nikhil\source\repos\sss_24335_completed_week2.2\sss\x64\debug\button.obj
c:\users\nikhil\source\repos\sss_24335_completed_week2.2\x64\debug\sss.ilk
c:\users\nikhil\source\repos\sss_24335_completed_week2.2\x64\debug\sss.exe
c:\users\nikhil\source\repos\sss_24335_completed_week2.2\x64\debug\sss.pdb
c:\users\nikhil\source\repos\sss_24335_completed_week2.2\sss\x64\debug\sss.tlog\cl.command.1.tlog
c:\users\nikhil\source\repos\sss_24335_completed_week2.2\sss\x64\debug\sss.tlog\cl.read.1.tlog
c:\users\nikhil\source\repos\sss_24335_completed_week2.2\sss\x64\debug\sss.tlog\cl.write.1.tlog
c:\users\nikhil\source\repos\sss_24335_completed_week2.2\sss\x64\debug\sss.tlog\link.command.1.tlog
c:\users\nikhil\source\repos\sss_24335_completed_week2.2\sss\x64\debug\sss.tlog\link.read.1.tlog
c:\users\nikhil\source\repos\sss_24335_completed_week2.2\sss\x64\debug\sss.tlog\link.write.1.tlog
